<?xml version="1.0" encoding="UTF-8"?>
<testng-results ignored="0" total="1" passed="1" failed="0" skipped="0">
  <reporter-output>
  </reporter-output>
  <suite started-at="2024-06-19T21:50:09 PKT" name="SeleniumTraining" finished-at="2024-06-19T21:50:33 PKT" duration-ms="23516">
    <groups>
    </groups>
    <test started-at="2024-06-19T21:50:09 PKT" name="BankingApp Test" finished-at="2024-06-19T21:50:33 PKT" duration-ms="23516">
      <class name="com.inetbanking.testCases.TC_AddCustomerTest_003">
        <test-method is-config="true" signature="setup(java.lang.String)[pri:0, instance:com.inetbanking.testCases.TC_AddCustomerTest_003@158d2680]" started-at="2024-06-19T21:50:09 PKT" name="setup" finished-at="2024-06-19T21:50:17 PKT" duration-ms="7147" status="PASS">
          <params>
            <param index="0">
              <value>
                <![CDATA[chrome]]>
              </value>
            </param>
          </params>
          <reporter-output>
          </reporter-output>
        </test-method> <!-- setup -->
        <test-method signature="addNewCustomer()[pri:0, instance:com.inetbanking.testCases.TC_AddCustomerTest_003@158d2680]" started-at="2024-06-19T21:50:17 PKT" name="addNewCustomer" finished-at="2024-06-19T21:50:32 PKT" duration-ms="15596" status="PASS">
          <reporter-output>
          </reporter-output>
        </test-method> <!-- addNewCustomer -->
        <test-method is-config="true" signature="tearDown()[pri:0, instance:com.inetbanking.testCases.TC_AddCustomerTest_003@158d2680]" started-at="2024-06-19T21:50:32 PKT" name="tearDown" finished-at="2024-06-19T21:50:33 PKT" duration-ms="353" status="PASS">
          <reporter-output>
          </reporter-output>
        </test-method> <!-- tearDown -->
      </class> <!-- com.inetbanking.testCases.TC_AddCustomerTest_003 -->
    </test> <!-- BankingApp Test -->
  </suite> <!-- SeleniumTraining -->
</testng-results>
